#
# There is insufficient memory for the Java Runtime Environment to continue.
# Native memory allocation (malloc) failed to allocate 1048576 bytes for AllocateHeap
# Possible reasons:
#   The system is out of physical RAM or swap space
#   The process is running with CompressedOops enabled, and the Java Heap may be blocking the growth of the native heap
# Possible solutions:
#   Reduce memory load on the system
#   Increase physical memory or swap space
#   Check if swap backing store is full
#   Decrease Java heap size (-Xmx/-Xms)
#   Decrease number of Java threads
#   Decrease Java thread stack sizes (-Xss)
#   Set larger code cache with -XX:ReservedCodeCacheSize=
#   JVM is running with Unscaled Compressed Oops mode in which the Java heap is
#     placed in the first 4GB address space. The Java Heap base address is the
#     maximum limit for the native heap growth. Please use -XX:HeapBaseMinAddress
#     to set the Java Heap base and to place the Java Heap above 4GB virtual address.
# This output file may be truncated or incomplete.
#
#  Out of Memory Error (src/hotspot/share/memory/allocation.cpp:46), pid=17632, tid=10036
#
# JRE version:  (11.0.15+10) (build )
# Java VM: OpenJDK 64-Bit Server VM (11.0.15+10-b2043.56, mixed mode, sharing, tiered, compressed oops, g1 gc, windows-amd64)
# No core dump will be written. Minidumps are not enabled by default on client versions of Windows
#

---------------  S U M M A R Y ------------

Command Line: com.intellij.util.ReadEnv

Host: 11th Gen Intel(R) Core(TM) i5-1135G7 @ 2.40GHz, 8 cores, 7G,  Windows 11 , 64 bit Build 22000 (10.0.22000.708)
Time: Sat Jul 16 14:33:49 2022 India Standard Time elapsed time: 0.012936 seconds (0d 0h 0m 0s)

---------------  T H R E A D  ---------------

Current thread (0x000002dc100b5000):  JavaThread "Unknown thread" [_thread_in_vm, id=10036, stack(0x000000ecaed00000,0x000000ecaee00000)]

Stack: [0x000000ecaed00000,0x000000ecaee00000]
Native frames: (J=compiled Java code, j=interpreted, Vv=VM code, C=native code)
V  [jvm.dll+0x61612a]
V  [jvm.dll+0x79c450]
V  [jvm.dll+0x79da6d]
V  [jvm.dll+0x79e143]
V  [jvm.dll+0x24cc18]
V  [jvm.dll+0xb8a64]
V  [jvm.dll+0x2e1aa8]
V  [jvm.dll+0x7794e7]
V  [jvm.dll+0x77acec]
V  [jvm.dll+0x368a59]
V  [jvm.dll+0x75ce8e]
V  [jvm.dll+0x3d6a33]
V  [jvm.dll+0x3d9001]
C  [jli.dll+0x536b]
C  [ucrtbase.dll+0x26c0c]
C  [KERNEL32.DLL+0x154e0]
C  [ntdll.dll+0x485b]


---------------  P R O C E S S  ---------------

Threads class SMR info:
_java_thread_list=0x000002dc0dd802e0, length=0, elements={
}

Java Threads: ( => current thread )

Other Threads:

=>0x000002dc100b5000 (exited) JavaThread "Unknown thread" [_thread_in_vm, id=10036, stack(0x000000ecaed00000,0x000000ecaee00000)]

Threads with active compile tasks:

VM state:not at safepoint (not fully initialized)

VM Mutex/Monitor currently owned by a thread: None


[error occurred during error reporting (printing compressed oops mode), id 0xc0000005, EXCEPTION_ACCESS_VIOLATION (0xc0000005) at pc=0x00007ffa912aa337]

GC Heap History (0 events):
No events

Deoptimization events (0 events):
No events

Classes redefined (0 events):
No events

Internal exceptions (0 events):
No events

Events (1 events):
Event: 0.008 Loaded shared library C:\Program Files\JetBrains\PyCharm Community Edition 2022.1.3\jbr\bin\zip.dll


Dynamic libraries:
0x00007ff7c2b70000 - 0x00007ff7c2b7a000 	C:\Program Files\JetBrains\PyCharm Community Edition 2022.1.3\jbr\bin\java.exe
0x00007ffaeca80000 - 0x00007ffaecc89000 	C:\WINDOWS\SYSTEM32\ntdll.dll
0x00007ffaeb880000 - 0x00007ffaeb93d000 	C:\WINDOWS\System32\KERNEL32.DLL
0x00007ffaea080000 - 0x00007ffaea3f9000 	C:\WINDOWS\System32\KERNELBASE.dll
0x00007ffae9f60000 - 0x00007ffaea071000 	C:\WINDOWS\System32\ucrtbase.dll
0x00007ffad2aa0000 - 0x00007ffad2ab9000 	C:\Program Files\JetBrains\PyCharm Community Edition 2022.1.3\jbr\bin\jli.dll
0x00007ffaeb640000 - 0x00007ffaeb7ec000 	C:\WINDOWS\System32\USER32.dll
0x00007ffaea630000 - 0x00007ffaea656000 	C:\WINDOWS\System32\win32u.dll
0x00007ffaec600000 - 0x00007ffaec629000 	C:\WINDOWS\System32\GDI32.dll
0x00007ffaea4a0000 - 0x00007ffaea5b2000 	C:\WINDOWS\System32\gdi32full.dll
0x00007ffaea400000 - 0x00007ffaea49d000 	C:\WINDOWS\System32\msvcp_win.dll
0x00007ffad2a30000 - 0x00007ffad2a46000 	C:\Program Files\JetBrains\PyCharm Community Edition 2022.1.3\jbr\bin\VCRUNTIME140.dll
0x00007ffad3b90000 - 0x00007ffad3e35000 	C:\WINDOWS\WinSxS\amd64_microsoft.windows.common-controls_6595b64144ccf1df_6.0.22000.120_none_9d947278b86cc467\COMCTL32.dll
0x00007ffaec8a0000 - 0x00007ffaec943000 	C:\WINDOWS\System32\msvcrt.dll
0x00007ffaeb600000 - 0x00007ffaeb631000 	C:\WINDOWS\System32\IMM32.DLL
0x00007ffab8870000 - 0x00007ffab89a6000 	C:\Program Files (x86)\Citrix\ICA Client\epclient64.dll
0x00007ffae9940000 - 0x00007ffae9967000 	C:\WINDOWS\SYSTEM32\bcrypt.dll
0x00007ffadba70000 - 0x00007ffadba7a000 	C:\WINDOWS\SYSTEM32\VERSION.dll
0x00007ffaec700000 - 0x00007ffaec7ae000 	C:\WINDOWS\System32\ADVAPI32.dll
0x00007ffaec560000 - 0x00007ffaec5fe000 	C:\WINDOWS\System32\sechost.dll
0x00007ffaec3d0000 - 0x00007ffaec4f0000 	C:\WINDOWS\System32\RPCRT4.dll
0x00007ffae7920000 - 0x00007ffae7954000 	C:\WINDOWS\SYSTEM32\ntmarta.dll
0x00007ffac75d0000 - 0x00007ffac767a000 	C:\Program Files\JetBrains\PyCharm Community Edition 2022.1.3\jbr\bin\msvcp140.dll
0x00007ffa90b30000 - 0x00007ffa916ab000 	C:\Program Files\JetBrains\PyCharm Community Edition 2022.1.3\jbr\bin\server\jvm.dll
0x000002dc0f7e0000 - 0x000002dc0f7e8000 	C:\WINDOWS\System32\PSAPI.DLL
0x00007ffabe400000 - 0x00007ffabe409000 	C:\WINDOWS\SYSTEM32\WSOCK32.dll
0x00007ffaec830000 - 0x00007ffaec89f000 	C:\WINDOWS\System32\WS2_32.dll
0x00007ffaddac0000 - 0x00007ffaddaf3000 	C:\WINDOWS\SYSTEM32\WINMM.dll
0x00007ffae9150000 - 0x00007ffae9168000 	C:\WINDOWS\SYSTEM32\kernel.appcore.dll
0x00007ffadd5b0000 - 0x00007ffadd5c1000 	C:\Program Files\JetBrains\PyCharm Community Edition 2022.1.3\jbr\bin\verify.dll
0x00007ffae7260000 - 0x00007ffae7481000 	C:\WINDOWS\SYSTEM32\DBGHELP.DLL
0x00007ffac10f0000 - 0x00007ffac1121000 	C:\WINDOWS\SYSTEM32\dbgcore.DLL
0x000002dc0f7f0000 - 0x000002dc0f86f000 	C:\WINDOWS\System32\bcryptPrimitives.dll
0x00007ffadc050000 - 0x00007ffadc079000 	C:\Program Files\JetBrains\PyCharm Community Edition 2022.1.3\jbr\bin\java.dll
0x00007ffae1920000 - 0x00007ffae192b000 	C:\Program Files\JetBrains\PyCharm Community Edition 2022.1.3\jbr\bin\jimage.dll
0x00007ffadadd0000 - 0x00007ffadade9000 	C:\Program Files\JetBrains\PyCharm Community Edition 2022.1.3\jbr\bin\zip.dll

dbghelp: loaded successfully - version: 4.0.5 - missing functions: none
symbol engine: initialized successfully - sym options: 0x614 - pdb path: .;C:\Program Files\JetBrains\PyCharm Community Edition 2022.1.3\jbr\bin;C:\WINDOWS\SYSTEM32;C:\WINDOWS\WinSxS\amd64_microsoft.windows.common-controls_6595b64144ccf1df_6.0.22000.120_none_9d947278b86cc467;C:\Program Files (x86)\Citrix\ICA Client;C:\Program Files\JetBrains\PyCharm Community Edition 2022.1.3\jbr\bin\server

VM Arguments:
java_command: com.intellij.util.ReadEnv
java_class_path (initial): C:\Program Files\JetBrains\PyCharm Community Edition 2022.1.3\lib\util_rt.jar
Launcher Type: SUN_STANDARD

[Global flags]
     intx CICompilerCount                          = 4                                         {product} {ergonomic}
     uint G1ConcRefinementThreads                  = 8                                         {product} {ergonomic}
   size_t G1HeapRegionSize                         = 1048576                                   {product} {ergonomic}
    uintx GCDrainStackTargetSize                   = 64                                        {product} {ergonomic}
   size_t InitialHeapSize                          = 130023424                                 {product} {ergonomic}
   size_t MaxHeapSize                              = 2076180480                                {product} {ergonomic}
   size_t MinHeapDeltaBytes                        = 1048576                                   {product} {ergonomic}
    uintx NonNMethodCodeHeapSize                   = 5836300                                {pd product} {ergonomic}
    uintx NonProfiledCodeHeapSize                  = 122910970                              {pd product} {ergonomic}
    uintx ProfiledCodeHeapSize                     = 122910970                              {pd product} {ergonomic}
    uintx ReservedCodeCacheSize                    = 251658240                              {pd product} {ergonomic}
     bool SegmentedCodeCache                       = true                                      {product} {ergonomic}
     bool UseCompressedClassPointers               = true                                 {lp64_product} {ergonomic}
     bool UseCompressedOops                        = true                                 {lp64_product} {ergonomic}
     bool UseG1GC                                  = true                                      {product} {ergonomic}
     bool UseLargePagesIndividualAllocation        = false                                  {pd product} {ergonomic}

Logging:
Log output configuration:
 #0: stdout all=warning uptime,level,tags
 #1: stderr all=off uptime,level,tags

Environment Variables:
JAVA_HOME=C:\Users\PRADEEP\Downloads\jdk-18_windows-x64_bin (1).zip\jdk-18.0.1.1
PATH=C:\Users\PRADEEP\PycharmProjects\TestProject\Scripts;C:\Program Files (x86)\Common Files\Oracle\Java\javapath;C:\Users\PRADEEP\Python\;C:\WINDOWS\system32;C:\WINDOWS;C:\WINDOWS\System32\Wbem;C:\WINDOWS\System32\WindowsPowerShell\v1.0\;C:\WINDOWS\System32\OpenSSH\;C:\Program Files\dotnet\;C:\Users\PRADEEP\Python\Scripts\;C:\Users\PRADEEP\Downloads\jdk-18_windows-x64_bin (1).zip\jdk-18.0.1.1\bin;C:\Program Files\Java\jre1.8.0_333\bin;C:\Program Files\Git\cmd;C:\Users\PRADEEP\Python\Scripts\;C:\Users\PRADEEP\Python\;C:\Users\PRADEEP\Python\python.exe;C:\Users\PRADEEP\Programs\Python\Python310\Scripts;C:\WINDOWS\system32;C:\WINDOWS;C:\WINDOWS\System32\Wbem;C:\WINDOWS\System32\WindowsPowerShell\v1.0\;C:\WINDOWS\System32\OpenSSH\;C:\Program Files\dotnet\;C:\Users\PRADEEP\AppData\Local\Microsoft\WindowsApps;C:\Program Files\Java;C:\Program Files\Java\jre1.8.0_333\bin;C:\Users\PRADEEP\AppData\Local\GitHubDesktop\bin
USERNAME=PRADEEP
OS=Windows_NT
PROCESSOR_IDENTIFIER=Intel64 Family 6 Model 140 Stepping 1, GenuineIntel



---------------  S Y S T E M  ---------------

OS: Windows 11 , 64 bit Build 22000 (10.0.22000.708)
OS uptime: 3 days 22:50 hours

CPU:total 8 (initial active 8) (4 cores per cpu, 2 threads per core) family 6 model 140 stepping 1 microcode 0xa4, cmov, cx8, fxsr, mmx, sse, sse2, sse3, ssse3, sse4.1, sse4.2, popcnt, avx, avx2, aes, clmul, erms, 3dnowpref, lzcnt, ht, tsc, tscinvbit, bmi1, bmi2, adx, evex, sha, fma

Memory: 4k page, system-wide physical 7914M (1207M free)
TotalPageFile size 32490M (AvailPageFile size 4M)
current process WorkingSet (physical memory assigned to process): 11M, peak: 11M
current process commit charge ("private bytes"): 15M, peak: 16M

vm_info: OpenJDK 64-Bit Server VM (11.0.15+10-b2043.56) for windows-amd64 JRE (11.0.15+10-b2043.56), built on May 16 2022 02:28:12 by "" with MS VC++ 14.0 (VS2015)

END.
